<?xml version="1.0" encoding="UTF-8"?>
<!-- Generated by org.testng.reporters.JUnitXMLReporter -->
<testsuite hostname="AQM-SWT-143" name="NSE_TestAutomation_150" tests="1" failures="1" timestamp="28 Mar 2019 08:04:35 GMT" time="273.641" errors="0">
  <testcase name="scriptExecutioner" time="273.626" classname="com.aqm.tests.AutomationDriverScript">
    <failure type="java.lang.ClassCastException" message="org.openqa.selenium.WebDriverException cannot be cast to com.aqm.staf.framework.core.exceptions.ScriptExecutionException">
      <![CDATA[java.lang.ClassCastException: org.openqa.selenium.WebDriverException cannot be cast to com.aqm.staf.framework.core.exceptions.ScriptExecutionException
	at com.aqm.tests.AutomationDriverScript.scriptExecutioner(AutomationDriverScript.java:309)
	at sun.reflect.NativeMethodAccessorImpl.invoke0(Native Method)
	at sun.reflect.NativeMethodAccessorImpl.invoke(Unknown Source)
	at sun.reflect.DelegatingMethodAccessorImpl.invoke(Unknown Source)
	at java.lang.reflect.Method.invoke(Unknown Source)
	at org.testng.internal.MethodInvocationHelper.invokeMethod(MethodInvocationHelper.java:100)
	at org.testng.internal.Invoker.invokeMethod(Invoker.java:646)
	at org.testng.internal.Invoker.invokeTestMethod(Invoker.java:811)
	at org.testng.internal.Invoker.invokeTestMethods(Invoker.java:1129)
	at org.testng.internal.TestMethodWorker.invokeTestMethods(TestMethodWorker.java:129)
	at org.testng.internal.TestMethodWorker.run(TestMethodWorker.java:112)
	at org.testng.TestRunner.privateRun(TestRunner.java:746)
	at org.testng.TestRunner.run(TestRunner.java:600)
	at org.testng.SuiteRunner.runTest(SuiteRunner.java:366)
	at org.testng.SuiteRunner.runSequentially(SuiteRunner.java:361)
	at org.testng.SuiteRunner.privateRun(SuiteRunner.java:319)
	at org.testng.SuiteRunner.run(SuiteRunner.java:268)
	at org.testng.SuiteRunnerWorker.runSuite(SuiteRunnerWorker.java:52)
	at org.testng.SuiteRunnerWorker.run(SuiteRunnerWorker.java:86)
	at org.testng.TestNG.runSuitesSequentially(TestNG.java:1264)
	at org.testng.TestNG.runSuitesLocally(TestNG.java:1189)
	at org.testng.TestNG.runSuites(TestNG.java:1104)
	at org.testng.TestNG.run(TestNG.java:1076)
	at com.aqm.staf.framework.core.Uploader.launchExecution(Uploader.java:1548)
	at com.aqm.TestLauncher.main(TestLauncher.java:16)
]]>
    </failure>
  </testcase> <!-- scriptExecutioner -->
</testsuite> <!-- NSE_TestAutomation_150 -->
